<?xml version="1.0" encoding="utf-8"?>
<test-run id="2" testcasecount="32" result="Passed" total="32" passed="32" failed="0" inconclusive="0" skipped="0" asserts="0" engine-version="3.5.0.0" clr-version="4.0.30319.42000" start-time="2026-08-09 13:44:51Z" end-time="2026-08-09 13:44:51Z" duration="0,1866997">
  <test-suite type="TestSuite" id="1000" name="MRRoomPlanner" fullname="MRRoomPlanner" runstate="Runnable" testcasecount="32" result="Passed" start-time="2026-08-09 13:44:51Z" end-time="2026-08-09 13:44:51Z" duration="0.186700" total="32" passed="32" failed="0" inconclusive="0" skipped="0" asserts="0">
    <properties>
      <property name="platform" value="EditMode" />
    </properties>
    <test-suite type="Assembly" id="1040" name="RoomPlanner.Tests.dll" fullname="D:/Dev/MRRoomPlanner/Library/ScriptAssemblies/RoomPlanner.Tests.dll" runstate="Runnable" testcasecount="32" result="Passed" start-time="2026-08-09 13:44:51Z" end-time="2026-08-09 13:44:51Z" duration="0.146080" total="32" passed="32" failed="0" inconclusive="0" skipped="0" asserts="0">
      <properties>
        <property name="_PID" value="52448" />
        <property name="_APPDOMAIN" value="Unity Child Domain" />
        <property name="platform" value="EditMode" />
        <property name="EditorOnly" value="True" />
      </properties>
      <test-suite type="TestSuite" id="1041" name="RoomPlanner" fullname="RoomPlanner" runstate="Runnable" testcasecount="32" result="Passed" start-time="2026-08-09 13:44:51Z" end-time="2026-08-09 13:44:51Z" duration="0.145676" total="32" passed="32" failed="0" inconclusive="0" skipped="0" asserts="0">
        <properties />
        <test-suite type="TestSuite" id="1042" name="Tests" fullname="RoomPlanner.Tests" runstate="Runnable" testcasecount="32" result="Passed" start-time="2026-08-09 13:44:51Z" end-time="2026-08-09 13:44:51Z" duration="0.145528" total="32" passed="32" failed="0" inconclusive="0" skipped="0" asserts="0">
          <properties />
          <test-suite type="TestFixture" id="1004" name="EditHistoryTests" fullname="RoomPlanner.Tests.EditHistoryTests" classname="RoomPlanner.Tests.EditHistoryTests" runstate="Runnable" testcasecount="5" result="Passed" start-time="2026-08-09 13:44:51Z" end-time="2026-08-09 13:44:51Z" duration="0.033029" total="5" passed="5" failed="0" inconclusive="0" skipped="0" asserts="0">
            <properties />
            <test-case id="1005" name="Execute_RunsCommand_AndEnablesUndo" fullname="RoomPlanner.Tests.EditHistoryTests.Execute_RunsCommand_AndEnablesUndo" methodname="Execute_RunsCommand_AndEnablesUndo" classname="RoomPlanner.Tests.EditHistoryTests" runstate="Runnable" seed="1585735120" result="Passed" start-time="2026-08-09 13:44:51Z" end-time="2026-08-09 13:44:51Z" duration="0.009538" asserts="0">
              <properties>
                <property name="retryIteration" value="0" />
                <property name="repeatIteration" value="0" />
              </properties>
              <output><![CDATA[[TestRunnerTools] Test Started: RoomPlanner.Tests.EditHistoryTests.Execute_RunsCommand_AndEnablesUndo
[TestRunnerTools] Test Finished: RoomPlanner.Tests.EditHistoryTests.Execute_RunsCommand_AndEnablesUndo, ResultState: Passed, Duration: 0,010s
]]></output>
            </test-case>
            <test-case id="1008" name="NewEdit_ClearsRedo" fullname="RoomPlanner.Tests.EditHistoryTests.NewEdit_ClearsRedo" methodname="NewEdit_ClearsRedo" classname="RoomPlanner.Tests.EditHistoryTests" runstate="Runnable" seed="634807715" result="Passed" start-time="2026-08-09 13:44:51Z" end-time="2026-08-09 13:44:51Z" duration="0.000690" asserts="0">
              <properties>
                <property name="retryIteration" value="0" />
                <property name="repeatIteration" value="0" />
              </properties>
              <output><![CDATA[[TestRunnerTools] Test Started: RoomPlanner.Tests.EditHistoryTests.NewEdit_ClearsRedo
[TestRunnerTools] Test Finished: RoomPlanner.Tests.EditHistoryTests.NewEdit_ClearsRedo, ResultState: Passed, Duration: 0,001s
]]></output>
            </test-case>
            <test-case id="1006" name="Record_DoesNotRunCommand_ButIsUndoable" fullname="RoomPlanner.Tests.EditHistoryTests.Record_DoesNotRunCommand_ButIsUndoable" methodname="Record_DoesNotRunCommand_ButIsUndoable" classname="RoomPlanner.Tests.EditHistoryTests" runstate="Runnable" seed="599807225" result="Passed" start-time="2026-08-09 13:44:51Z" end-time="2026-08-09 13:44:51Z" duration="0.000340" asserts="0">
              <properties>
                <property name="retryIteration" value="0" />
                <property name="repeatIteration" value="0" />
              </properties>
              <output><![CDATA[[TestRunnerTools] Test Started: RoomPlanner.Tests.EditHistoryTests.Record_DoesNotRunCommand_ButIsUndoable
[TestRunnerTools] Test Finished: RoomPlanner.Tests.EditHistoryTests.Record_DoesNotRunCommand_ButIsUndoable, ResultState: Passed, Duration: 0,000s
]]></output>
            </test-case>
            <test-case id="1009" name="Undo_OnEmpty_IsNoOp" fullname="RoomPlanner.Tests.EditHistoryTests.Undo_OnEmpty_IsNoOp" methodname="Undo_OnEmpty_IsNoOp" classname="RoomPlanner.Tests.EditHistoryTests" runstate="Runnable" seed="1577978496" result="Passed" start-time="2026-08-09 13:44:51Z" end-time="2026-08-09 13:44:51Z" duration="0.001179" asserts="0">
              <properties>
                <property name="retryIteration" value="0" />
                <property name="repeatIteration" value="0" />
              </properties>
              <output><![CDATA[[TestRunnerTools] Test Started: RoomPlanner.Tests.EditHistoryTests.Undo_OnEmpty_IsNoOp
[TestRunnerTools] Test Finished: RoomPlanner.Tests.EditHistoryTests.Undo_OnEmpty_IsNoOp, ResultState: Passed, Duration: 0,001s
]]></output>
            </test-case>
            <test-case id="1007" name="UndoThenRedo_RestoresValue" fullname="RoomPlanner.Tests.EditHistoryTests.UndoThenRedo_RestoresValue" methodname="UndoThenRedo_RestoresValue" classname="RoomPlanner.Tests.EditHistoryTests" runstate="Runnable" seed="751105559" result="Passed" start-time="2026-08-09 13:44:51Z" end-time="2026-08-09 13:44:51Z" duration="0.000230" asserts="0">
              <properties>
                <property name="retryIteration" value="0" />
                <property name="repeatIteration" value="0" />
              </properties>
              <output><![CDATA[[TestRunnerTools] Test Started: RoomPlanner.Tests.EditHistoryTests.UndoThenRedo_RestoresValue
[TestRunnerTools] Test Finished: RoomPlanner.Tests.EditHistoryTests.UndoThenRedo_RestoresValue, ResultState: Passed, Duration: 0,000s
]]></output>
            </test-case>
          </test-suite>
          <test-suite type="TestFixture" id="1010" name="FloorGeometryTests" fullname="RoomPlanner.Tests.FloorGeometryTests" classname="RoomPlanner.Tests.FloorGeometryTests" runstate="Runnable" testcasecount="5" result="Passed" start-time="2026-08-09 13:44:51Z" end-time="2026-08-09 13:44:51Z" duration="0.021823" total="5" passed="5" failed="0" inconclusive="0" skipped="0" asserts="0">
            <properties />
            <test-case id="1012" name="Build_DegenerateRect_ProducesNoTriangles" fullname="RoomPlanner.Tests.FloorGeometryTests.Build_DegenerateRect_ProducesNoTriangles" methodname="Build_DegenerateRect_ProducesNoTriangles" classname="RoomPlanner.Tests.FloorGeometryTests" runstate="Runnable" seed="33913899" result="Passed" start-time="2026-08-09 13:44:51Z" end-time="2026-08-09 13:44:51Z" duration="0.003928" asserts="0">
              <properties>
                <property name="retryIteration" value="0" />
                <property name="repeatIteration" value="0" />
              </properties>
              <output><![CDATA[[TestRunnerTools] Test Started: RoomPlanner.Tests.FloorGeometryTests.Build_DegenerateRect_ProducesNoTriangles
[TestRunnerTools] Test Finished: RoomPlanner.Tests.FloorGeometryTests.Build_DegenerateRect_ProducesNoTriangles, ResultState: Passed, Duration: 0,004s
]]></output>
            </test-case>
            <test-case id="1011" name="Build_MakesBoxAndStoresCorners" fullname="RoomPlanner.Tests.FloorGeometryTests.Build_MakesBoxAndStoresCorners" methodname="Build_MakesBoxAndStoresCorners" classname="RoomPlanner.Tests.FloorGeometryTests" runstate="Runnable" seed="1643031295" result="Passed" start-time="2026-08-09 13:44:51Z" end-time="2026-08-09 13:44:51Z" duration="0.006339" asserts="0">
              <properties>
                <property name="retryIteration" value="0" />
                <property name="repeatIteration" value="0" />
              </properties>
              <output><![CDATA[[TestRunnerTools] Test Started: RoomPlanner.Tests.FloorGeometryTests.Build_MakesBoxAndStoresCorners
[TestRunnerTools] Test Finished: RoomPlanner.Tests.FloorGeometryTests.Build_MakesBoxAndStoresCorners, ResultState: Passed, Duration: 0,006s
]]></output>
            </test-case>
            <test-case id="1013" name="MoveBy_ShiftsCornersInXZ_KeepsLevel" fullname="RoomPlanner.Tests.FloorGeometryTests.MoveBy_ShiftsCornersInXZ_KeepsLevel" methodname="MoveBy_ShiftsCornersInXZ_KeepsLevel" classname="RoomPlanner.Tests.FloorGeometryTests" runstate="Runnable" seed="343388506" result="Passed" start-time="2026-08-09 13:44:51Z" end-time="2026-08-09 13:44:51Z" duration="0.000953" asserts="0">
              <properties>
                <property name="retryIteration" value="0" />
                <property name="repeatIteration" value="0" />
              </properties>
              <output><![CDATA[[TestRunnerTools] Test Started: RoomPlanner.Tests.FloorGeometryTests.MoveBy_ShiftsCornersInXZ_KeepsLevel
[TestRunnerTools] Test Finished: RoomPlanner.Tests.FloorGeometryTests.MoveBy_ShiftsCornersInXZ_KeepsLevel, ResultState: Passed, Duration: 0,001s
]]></output>
            </test-case>
            <test-case id="1014" name="MoveBy_WithVerticalDelta_ShiftsLevel" fullname="RoomPlanner.Tests.FloorGeometryTests.MoveBy_WithVerticalDelta_ShiftsLevel" methodname="MoveBy_WithVerticalDelta_ShiftsLevel" classname="RoomPlanner.Tests.FloorGeometryTests" runstate="Runnable" seed="190956821" result="Passed" start-time="2026-08-09 13:44:51Z" end-time="2026-08-09 13:44:51Z" duration="0.000932" asserts="0">
              <properties>
                <property name="retryIteration" value="0" />
                <property name="repeatIteration" value="0" />
              </properties>
              <output><![CDATA[[TestRunnerTools] Test Started: RoomPlanner.Tests.FloorGeometryTests.MoveBy_WithVerticalDelta_ShiftsLevel
[TestRunnerTools] Test Finished: RoomPlanner.Tests.FloorGeometryTests.MoveBy_WithVerticalDelta_ShiftsLevel, ResultState: Passed, Duration: 0,001s
]]></output>
            </test-case>
            <test-case id="1015" name="Rebuild_KeepsCornersAndMesh" fullname="RoomPlanner.Tests.FloorGeometryTests.Rebuild_KeepsCornersAndMesh" methodname="Rebuild_KeepsCornersAndMesh" classname="RoomPlanner.Tests.FloorGeometryTests" runstate="Runnable" seed="487556768" result="Passed" start-time="2026-08-09 13:44:51Z" end-time="2026-08-09 13:44:51Z" duration="0.000848" asserts="0">
              <properties>
                <property name="retryIteration" value="0" />
                <property name="repeatIteration" value="0" />
              </properties>
              <output><![CDATA[[TestRunnerTools] Test Started: RoomPlanner.Tests.FloorGeometryTests.Rebuild_KeepsCornersAndMesh
[TestRunnerTools] Test Finished: RoomPlanner.Tests.FloorGeometryTests.Rebuild_KeepsCornersAndMesh, ResultState: Passed, Duration: 0,001s
]]></output>
            </test-case>
          </test-suite>
          <test-suite type="TestFixture" id="1016" name="MeasureMathTests" fullname="RoomPlanner.Tests.MeasureMathTests" classname="RoomPlanner.Tests.MeasureMathTests" runstate="Runnable" testcasecount="11" result="Passed" start-time="2026-08-09 13:44:51Z" end-time="2026-08-09 13:44:51Z" duration="0.054783" total="11" passed="11" failed="0" inconclusive="0" skipped="0" asserts="0">
            <properties />
            <test-case id="1023" name="ClosestPointOnSegment_ClampsToEnds" fullname="RoomPlanner.Tests.MeasureMathTests.ClosestPointOnSegment_ClampsToEnds" methodname="ClosestPointOnSegment_ClampsToEnds" classname="RoomPlanner.Tests.MeasureMathTests" runstate="Runnable" seed="916881316" result="Passed" start-time="2026-08-09 13:44:51Z" end-time="2026-08-09 13:44:51Z" duration="0.000988" asserts="0">
              <properties>
                <property name="retryIteration" value="0" />
                <property name="repeatIteration" value="0" />
              </properties>
              <output><![CDATA[[TestRunnerTools] Test Started: RoomPlanner.Tests.MeasureMathTests.ClosestPointOnSegment_ClampsToEnds
[TestRunnerTools] Test Finished: RoomPlanner.Tests.MeasureMathTests.ClosestPointOnSegment_ClampsToEnds, ResultState: Passed, Duration: 0,001s
]]></output>
            </test-case>
            <test-case id="1022" name="ClosestPointOnSegment_ProjectsOntoMiddle" fullname="RoomPlanner.Tests.MeasureMathTests.ClosestPointOnSegment_ProjectsOntoMiddle" methodname="ClosestPointOnSegment_ProjectsOntoMiddle" classname="RoomPlanner.Tests.MeasureMathTests" runstate="Runnable" seed="1484278690" result="Passed" start-time="2026-08-09 13:44:51Z" end-time="2026-08-09 13:44:51Z" duration="0.000214" asserts="0">
              <properties>
                <property name="retryIteration" value="0" />
                <property name="repeatIteration" value="0" />
              </properties>
              <output><![CDATA[[TestRunnerTools] Test Started: RoomPlanner.Tests.MeasureMathTests.ClosestPointOnSegment_ProjectsOntoMiddle
[TestRunnerTools] Test Finished: RoomPlanner.Tests.MeasureMathTests.ClosestPointOnSegment_ProjectsOntoMiddle, ResultState: Passed, Duration: 0,000s
]]></output>
            </test-case>
            <test-case id="1024" name="FormatDistanceCm_RoundsToCentimeters" fullname="RoomPlanner.Tests.MeasureMathTests.FormatDistanceCm_RoundsToCentimeters" methodname="FormatDistanceCm_RoundsToCentimeters" classname="RoomPlanner.Tests.MeasureMathTests" runstate="Runnable" seed="1095219099" result="Passed" start-time="2026-08-09 13:44:51Z" end-time="2026-08-09 13:44:51Z" duration="0.002393" asserts="0">
              <properties>
                <property name="retryIteration" value="0" />
                <property name="repeatIteration" value="0" />
              </properties>
              <output><![CDATA[[TestRunnerTools] Test Started: RoomPlanner.Tests.MeasureMathTests.FormatDistanceCm_RoundsToCentimeters
[TestRunnerTools] Test Finished: RoomPlanner.Tests.MeasureMathTests.FormatDistanceCm_RoundsToCentimeters, ResultState: Passed, Duration: 0,002s
]]></output>
            </test-case>
            <test-case id="1026" name="RayPlaneY_HitsHorizontalPlane" fullname="RoomPlanner.Tests.MeasureMathTests.RayPlaneY_HitsHorizontalPlane" methodname="RayPlaneY_HitsHorizontalPlane" classname="RoomPlanner.Tests.MeasureMathTests" runstate="Runnable" seed="1674860390" result="Passed" start-time="2026-08-09 13:44:51Z" end-time="2026-08-09 13:44:51Z" duration="0.000479" asserts="0">
              <properties>
                <property name="retryIteration" value="0" />
                <property name="repeatIteration" value="0" />
              </properties>
              <output><![CDATA[[TestRunnerTools] Test Started: RoomPlanner.Tests.MeasureMathTests.RayPlaneY_HitsHorizontalPlane
[TestRunnerTools] Test Finished: RoomPlanner.Tests.MeasureMathTests.RayPlaneY_HitsHorizontalPlane, ResultState: Passed, Duration: 0,000s
]]></output>
            </test-case>
            <test-case id="1027" name="RayPlaneY_ParallelRay_ReturnsFalse" fullname="RoomPlanner.Tests.MeasureMathTests.RayPlaneY_ParallelRay_ReturnsFalse" methodname="RayPlaneY_ParallelRay_ReturnsFalse" classname="RoomPlanner.Tests.MeasureMathTests" runstate="Runnable" seed="174392198" result="Passed" start-time="2026-08-09 13:44:51Z" end-time="2026-08-09 13:44:51Z" duration="0.000332" asserts="0">
              <properties>
                <property name="retryIteration" value="0" />
                <property name="repeatIteration" value="0" />
              </properties>
              <output><![CDATA[[TestRunnerTools] Test Started: RoomPlanner.Tests.MeasureMathTests.RayPlaneY_ParallelRay_ReturnsFalse
[TestRunnerTools] Test Finished: RoomPlanner.Tests.MeasureMathTests.RayPlaneY_ParallelRay_ReturnsFalse, ResultState: Passed, Duration: 0,000s
]]></output>
            </test-case>
            <test-case id="1021" name="SnapToAngleXZ_KeepsExactMultiples" fullname="RoomPlanner.Tests.MeasureMathTests.SnapToAngleXZ_KeepsExactMultiples" methodname="SnapToAngleXZ_KeepsExactMultiples" classname="RoomPlanner.Tests.MeasureMathTests" runstate="Runnable" seed="108397459" result="Passed" start-time="2026-08-09 13:44:51Z" end-time="2026-08-09 13:44:51Z" duration="0.000640" asserts="0">
              <properties>
                <property name="retryIteration" value="0" />
                <property name="repeatIteration" value="0" />
              </properties>
              <output><![CDATA[[TestRunnerTools] Test Started: RoomPlanner.Tests.MeasureMathTests.SnapToAngleXZ_KeepsExactMultiples
[TestRunnerTools] Test Finished: RoomPlanner.Tests.MeasureMathTests.SnapToAngleXZ_KeepsExactMultiples, ResultState: Passed, Duration: 0,001s
]]></output>
            </test-case>
            <test-case id="1020" name="SnapToAngleXZ_SnapsNearZeroToAxis" fullname="RoomPlanner.Tests.MeasureMathTests.SnapToAngleXZ_SnapsNearZeroToAxis" methodname="SnapToAngleXZ_SnapsNearZeroToAxis" classname="RoomPlanner.Tests.MeasureMathTests" runstate="Runnable" seed="792878903" result="Passed" start-time="2026-08-09 13:44:51Z" end-time="2026-08-09 13:44:51Z" duration="0.000239" asserts="0">
              <properties>
                <property name="retryIteration" value="0" />
                <property name="repeatIteration" value="0" />
              </properties>
              <output><![CDATA[[TestRunnerTools] Test Started: RoomPlanner.Tests.MeasureMathTests.SnapToAngleXZ_SnapsNearZeroToAxis
[TestRunnerTools] Test Finished: RoomPlanner.Tests.MeasureMathTests.SnapToAngleXZ_SnapsNearZeroToAxis, ResultState: Passed, Duration: 0,000s
]]></output>
            </test-case>
            <test-case id="1018" name="SnapToAxis_PicksHorizontalX_WhenXDominant" fullname="RoomPlanner.Tests.MeasureMathTests.SnapToAxis_PicksHorizontalX_WhenXDominant" methodname="SnapToAxis_PicksHorizontalX_WhenXDominant" classname="RoomPlanner.Tests.MeasureMathTests" runstate="Runnable" seed="110934426" result="Passed" start-time="2026-08-09 13:44:51Z" end-time="2026-08-09 13:44:51Z" duration="0.000357" asserts="0">
              <properties>
                <property name="retryIteration" value="0" />
                <property name="repeatIteration" value="0" />
              </properties>
              <output><![CDATA[[TestRunnerTools] Test Started: RoomPlanner.Tests.MeasureMathTests.SnapToAxis_PicksHorizontalX_WhenXDominant
[TestRunnerTools] Test Finished: RoomPlanner.Tests.MeasureMathTests.SnapToAxis_PicksHorizontalX_WhenXDominant, ResultState: Passed, Duration: 0,000s
]]></output>
            </test-case>
            <test-case id="1019" name="SnapToAxis_PicksHorizontalZ_WhenZDominant" fullname="RoomPlanner.Tests.MeasureMathTests.SnapToAxis_PicksHorizontalZ_WhenZDominant" methodname="SnapToAxis_PicksHorizontalZ_WhenZDominant" classname="RoomPlanner.Tests.MeasureMathTests" runstate="Runnable" seed="2121916419" result="Passed" start-time="2026-08-09 13:44:51Z" end-time="2026-08-09 13:44:51Z" duration="0.000240" asserts="0">
              <properties>
                <property name="retryIteration" value="0" />
                <property name="repeatIteration" value="0" />
              </properties>
              <output><![CDATA[[TestRunnerTools] Test Started: RoomPlanner.Tests.MeasureMathTests.SnapToAxis_PicksHorizontalZ_WhenZDominant
[TestRunnerTools] Test Finished: RoomPlanner.Tests.MeasureMathTests.SnapToAxis_PicksHorizontalZ_WhenZDominant, ResultState: Passed, Duration: 0,000s
]]></output>
            </test-case>
            <test-case id="1017" name="SnapToAxis_PicksVertical_WhenYDominant" fullname="RoomPlanner.Tests.MeasureMathTests.SnapToAxis_PicksVertical_WhenYDominant" methodname="SnapToAxis_PicksVertical_WhenYDominant" classname="RoomPlanner.Tests.MeasureMathTests" runstate="Runnable" seed="665163084" result="Passed" start-time="2026-08-09 13:44:51Z" end-time="2026-08-09 13:44:51Z" duration="0.000192" asserts="0">
              <properties>
                <property name="retryIteration" value="0" />
                <property name="repeatIteration" value="0" />
              </properties>
              <output><![CDATA[[TestRunnerTools] Test Started: RoomPlanner.Tests.MeasureMathTests.SnapToAxis_PicksVertical_WhenYDominant
[TestRunnerTools] Test Finished: RoomPlanner.Tests.MeasureMathTests.SnapToAxis_PicksVertical_WhenYDominant, ResultState: Passed, Duration: 0,000s
]]></output>
            </test-case>
            <test-case id="1025" name="SnapToGridXZ_RoundsXZ_KeepsY" fullname="RoomPlanner.Tests.MeasureMathTests.SnapToGridXZ_RoundsXZ_KeepsY" methodname="SnapToGridXZ_RoundsXZ_KeepsY" classname="RoomPlanner.Tests.MeasureMathTests" runstate="Runnable" seed="1740016654" result="Passed" start-time="2026-08-09 13:44:51Z" end-time="2026-08-09 13:44:51Z" duration="0.000263" asserts="0">
              <properties>
                <property name="retryIteration" value="0" />
                <property name="repeatIteration" value="0" />
              </properties>
              <output><![CDATA[[TestRunnerTools] Test Started: RoomPlanner.Tests.MeasureMathTests.SnapToGridXZ_RoundsXZ_KeepsY
[TestRunnerTools] Test Finished: RoomPlanner.Tests.MeasureMathTests.SnapToGridXZ_RoundsXZ_KeepsY, ResultState: Passed, Duration: 0,000s
]]></output>
            </test-case>
          </test-suite>
          <test-suite type="TestFixture" id="1028" name="WallGeometryTests" fullname="RoomPlanner.Tests.WallGeometryTests" classname="RoomPlanner.Tests.WallGeometryTests" runstate="Runnable" testcasecount="11" result="Passed" start-time="2026-08-09 13:44:51Z" end-time="2026-08-09 13:44:51Z" duration="0.034467" total="11" passed="11" failed="0" inconclusive="0" skipped="0" asserts="0">
            <properties />
            <test-case id="1034" name="Build_MiterCorner_HasThreeCrossSections" fullname="RoomPlanner.Tests.WallGeometryTests.Build_MiterCorner_HasThreeCrossSections" methodname="Build_MiterCorner_HasThreeCrossSections" classname="RoomPlanner.Tests.WallGeometryTests" runstate="Runnable" seed="323185830" result="Passed" start-time="2026-08-09 13:44:51Z" end-time="2026-08-09 13:44:51Z" duration="0.005322" asserts="0">
              <properties>
                <property name="retryIteration" value="0" />
                <property name="repeatIteration" value="0" />
              </properties>
              <output><![CDATA[[TestRunnerTools] Test Started: RoomPlanner.Tests.WallGeometryTests.Build_MiterCorner_HasThreeCrossSections
[TestRunnerTools] Test Finished: RoomPlanner.Tests.WallGeometryTests.Build_MiterCorner_HasThreeCrossSections, ResultState: Passed, Duration: 0,005s
]]></output>
            </test-case>
            <test-case id="1035" name="Build_RoundCorner_AddsMoreVertsThanMiter" fullname="RoomPlanner.Tests.WallGeometryTests.Build_RoundCorner_AddsMoreVertsThanMiter" methodname="Build_RoundCorner_AddsMoreVertsThanMiter" classname="RoomPlanner.Tests.WallGeometryTests" runstate="Runnable" seed="1559764739" result="Passed" start-time="2026-08-09 13:44:51Z" end-time="2026-08-09 13:44:51Z" duration="0.004039" asserts="0">
              <properties>
                <property name="retryIteration" value="0" />
                <property name="repeatIteration" value="0" />
              </properties>
              <output><![CDATA[[TestRunnerTools] Test Started: RoomPlanner.Tests.WallGeometryTests.Build_RoundCorner_AddsMoreVertsThanMiter
[TestRunnerTools] Test Finished: RoomPlanner.Tests.WallGeometryTests.Build_RoundCorner_AddsMoreVertsThanMiter, ResultState: Passed, Duration: 0,004s
]]></output>
            </test-case>
            <test-case id="1033" name="Build_StraightWall_HasTwoCrossSections" fullname="RoomPlanner.Tests.WallGeometryTests.Build_StraightWall_HasTwoCrossSections" methodname="Build_StraightWall_HasTwoCrossSections" classname="RoomPlanner.Tests.WallGeometryTests" runstate="Runnable" seed="46890004" result="Passed" start-time="2026-08-09 13:44:51Z" end-time="2026-08-09 13:44:51Z" duration="0.000782" asserts="0">
              <properties>
                <property name="retryIteration" value="0" />
                <property name="repeatIteration" value="0" />
              </properties>
              <output><![CDATA[[TestRunnerTools] Test Started: RoomPlanner.Tests.WallGeometryTests.Build_StraightWall_HasTwoCrossSections
[TestRunnerTools] Test Finished: RoomPlanner.Tests.WallGeometryTests.Build_StraightWall_HasTwoCrossSections, ResultState: Passed, Duration: 0,001s
]]></output>
            </test-case>
            <test-case id="1032" name="CenterMode_IsSymmetricAboutLine" fullname="RoomPlanner.Tests.WallGeometryTests.CenterMode_IsSymmetricAboutLine" methodname="CenterMode_IsSymmetricAboutLine" classname="RoomPlanner.Tests.WallGeometryTests" runstate="Runnable" seed="1239264170" result="Passed" start-time="2026-08-09 13:44:51Z" end-time="2026-08-09 13:44:51Z" duration="0.001104" asserts="0">
              <properties>
                <property name="retryIteration" value="0" />
                <property name="repeatIteration" value="0" />
              </properties>
              <output><![CDATA[[TestRunnerTools] Test Started: RoomPlanner.Tests.WallGeometryTests.CenterMode_IsSymmetricAboutLine
[TestRunnerTools] Test Finished: RoomPlanner.Tests.WallGeometryTests.CenterMode_IsSymmetricAboutLine, ResultState: Passed, Duration: 0,001s
]]></output>
            </test-case>
            <test-case id="1031" name="Height_ExtrudesTopByHeight" fullname="RoomPlanner.Tests.WallGeometryTests.Height_ExtrudesTopByHeight" methodname="Height_ExtrudesTopByHeight" classname="RoomPlanner.Tests.WallGeometryTests" runstate="Runnable" seed="100281464" result="Passed" start-time="2026-08-09 13:44:51Z" end-time="2026-08-09 13:44:51Z" duration="0.000242" asserts="0">
              <properties>
                <property name="retryIteration" value="0" />
                <property name="repeatIteration" value="0" />
              </properties>
              <output><![CDATA[[TestRunnerTools] Test Started: RoomPlanner.Tests.WallGeometryTests.Height_ExtrudesTopByHeight
[TestRunnerTools] Test Finished: RoomPlanner.Tests.WallGeometryTests.Height_ExtrudesTopByHeight, ResultState: Passed, Duration: 0,000s
]]></output>
            </test-case>
            <test-case id="1036" name="MoveBy_ShiftsEveryCenterlinePoint" fullname="RoomPlanner.Tests.WallGeometryTests.MoveBy_ShiftsEveryCenterlinePoint" methodname="MoveBy_ShiftsEveryCenterlinePoint" classname="RoomPlanner.Tests.WallGeometryTests" runstate="Runnable" seed="762060240" result="Passed" start-time="2026-08-09 13:44:51Z" end-time="2026-08-09 13:44:51Z" duration="0.001419" asserts="0">
              <properties>
                <property name="retryIteration" value="0" />
                <property name="repeatIteration" value="0" />
              </properties>
              <output><![CDATA[[TestRunnerTools] Test Started: RoomPlanner.Tests.WallGeometryTests.MoveBy_ShiftsEveryCenterlinePoint
[TestRunnerTools] Test Finished: RoomPlanner.Tests.WallGeometryTests.MoveBy_ShiftsEveryCenterlinePoint, ResultState: Passed, Duration: 0,001s
]]></output>
            </test-case>
            <test-case id="1038" name="MoveBy_ThenInverse_RestoresPoints" fullname="RoomPlanner.Tests.WallGeometryTests.MoveBy_ThenInverse_RestoresPoints" methodname="MoveBy_ThenInverse_RestoresPoints" classname="RoomPlanner.Tests.WallGeometryTests" runstate="Runnable" seed="806078958" result="Passed" start-time="2026-08-09 13:44:51Z" end-time="2026-08-09 13:44:51Z" duration="0.000887" asserts="0">
              <properties>
                <property name="retryIteration" value="0" />
                <property name="repeatIteration" value="0" />
              </properties>
              <output><![CDATA[[TestRunnerTools] Test Started: RoomPlanner.Tests.WallGeometryTests.MoveBy_ThenInverse_RestoresPoints
[TestRunnerTools] Test Finished: RoomPlanner.Tests.WallGeometryTests.MoveBy_ThenInverse_RestoresPoints, ResultState: Passed, Duration: 0,001s
]]></output>
            </test-case>
            <test-case id="1037" name="MoveBy_TranslatesMeshBounds_AndKeepsVertexCount" fullname="RoomPlanner.Tests.WallGeometryTests.MoveBy_TranslatesMeshBounds_AndKeepsVertexCount" methodname="MoveBy_TranslatesMeshBounds_AndKeepsVertexCount" classname="RoomPlanner.Tests.WallGeometryTests" runstate="Runnable" seed="262217393" result="Passed" start-time="2026-08-09 13:44:51Z" end-time="2026-08-09 13:44:51Z" duration="0.001256" asserts="0">
              <properties>
                <property name="retryIteration" value="0" />
                <property name="repeatIteration" value="0" />
              </properties>
              <output><![CDATA[[TestRunnerTools] Test Started: RoomPlanner.Tests.WallGeometryTests.MoveBy_TranslatesMeshBounds_AndKeepsVertexCount
[TestRunnerTools] Test Finished: RoomPlanner.Tests.WallGeometryTests.MoveBy_TranslatesMeshBounds_AndKeepsVertexCount, ResultState: Passed, Duration: 0,001s
]]></output>
            </test-case>
            <test-case id="1030" name="OuterMode_LineIsInnerFace_ThicknessGrowsAwayFromInterior" fullname="RoomPlanner.Tests.WallGeometryTests.OuterMode_LineIsInnerFace_ThicknessGrowsAwayFromInterior" methodname="OuterMode_LineIsInnerFace_ThicknessGrowsAwayFromInterior" classname="RoomPlanner.Tests.WallGeometryTests" runstate="Runnable" seed="1074936368" result="Passed" start-time="2026-08-09 13:44:51Z" end-time="2026-08-09 13:44:51Z" duration="0.000214" asserts="0">
              <properties>
                <property name="retryIteration" value="0" />
                <property name="repeatIteration" value="0" />
              </properties>
              <output><![CDATA[[TestRunnerTools] Test Started: RoomPlanner.Tests.WallGeometryTests.OuterMode_LineIsInnerFace_ThicknessGrowsAwayFromInterior
[TestRunnerTools] Test Finished: RoomPlanner.Tests.WallGeometryTests.OuterMode_LineIsInnerFace_ThicknessGrowsAwayFromInterior, ResultState: Passed, Duration: 0,000s
]]></output>
            </test-case>
            <test-case id="1039" name="Rebuild_ReproducesSameGeometry" fullname="RoomPlanner.Tests.WallGeometryTests.Rebuild_ReproducesSameGeometry" methodname="Rebuild_ReproducesSameGeometry" classname="RoomPlanner.Tests.WallGeometryTests" runstate="Runnable" seed="1140999159" result="Passed" start-time="2026-08-09 13:44:51Z" end-time="2026-08-09 13:44:51Z" duration="0.000908" asserts="0">
              <properties>
                <property name="retryIteration" value="0" />
                <property name="repeatIteration" value="0" />
              </properties>
              <output><![CDATA[[TestRunnerTools] Test Started: RoomPlanner.Tests.WallGeometryTests.Rebuild_ReproducesSameGeometry
[TestRunnerTools] Test Finished: RoomPlanner.Tests.WallGeometryTests.Rebuild_ReproducesSameGeometry, ResultState: Passed, Duration: 0,001s
]]></output>
            </test-case>
            <test-case id="1029" name="SegmentVertices_ReturnsEightVerts" fullname="RoomPlanner.Tests.WallGeometryTests.SegmentVertices_ReturnsEightVerts" methodname="SegmentVertices_ReturnsEightVerts" classname="RoomPlanner.Tests.WallGeometryTests" runstate="Runnable" seed="568270843" result="Passed" start-time="2026-08-09 13:44:51Z" end-time="2026-08-09 13:44:51Z" duration="0.000174" asserts="0">
              <properties>
                <property name="retryIteration" value="0" />
                <property name="repeatIteration" value="0" />
              </properties>
              <output><![CDATA[[TestRunnerTools] Test Started: RoomPlanner.Tests.WallGeometryTests.SegmentVertices_ReturnsEightVerts
[TestRunnerTools] Test Finished: RoomPlanner.Tests.WallGeometryTests.SegmentVertices_ReturnsEightVerts, ResultState: Passed, Duration: 0,000s
Saving results to: C:/Users/butsc/AppData/LocalLow/DefaultCompany/MRRoomPlanner\TestResults.xml
]]></output>
            </test-case>
          </test-suite>
        </test-suite>
      </test-suite>
    </test-suite>
  </test-suite>
</test-run>